2024-03-22 14:39:31,413:ERROR:An unexpected error occurred for repo xs: Unsupported platform for repository URL: repo xs
2024-03-22 14:39:31,413:ERROR:An unexpected error occurred for repo s: Unsupported platform for repository URL: repo s
2024-03-22 14:39:31,413:ERROR:An unexpected error occurred for repo m: Unsupported platform for repository URL: repo m
2024-03-22 14:39:31,413:ERROR:An unexpected error occurred for repo l: Unsupported platform for repository URL: repo l
2024-03-22 14:40:40,429:ERROR:An unexpected error occurred for repo xs: Unsupported platform for repository URL: repo xs
2024-03-22 14:40:40,429:ERROR:An unexpected error occurred for repo s: Unsupported platform for repository URL: repo s
2024-03-22 14:40:40,429:ERROR:An unexpected error occurred for repo m: Unsupported platform for repository URL: repo m
2024-03-22 14:40:40,429:ERROR:An unexpected error occurred for repo l: Unsupported platform for repository URL: repo l
2024-03-22 14:40:55,208:ERROR:An unexpected error occurred for repo xs: Unsupported platform for repository URL: repo xs
2024-03-22 14:40:55,208:ERROR:An unexpected error occurred for repo xs: Unsupported platform for repository URL: repo xs
2024-03-22 14:40:55,208:ERROR:An unexpected error occurred for repo xs: Unsupported platform for repository URL: repo xs
2024-03-22 14:40:55,208:ERROR:An unexpected error occurred for repo xs: Unsupported platform for repository URL: repo xs
2024-03-22 14:40:55,208:ERROR:An unexpected error occurred for repo xs: Unsupported platform for repository URL: repo xs
2024-03-22 14:40:55,208:ERROR:An unexpected error occurred for repo xs: Unsupported platform for repository URL: repo xs
2024-03-22 14:40:55,208:ERROR:An unexpected error occurred for repo xs: Unsupported platform for repository URL: repo xs
2024-03-22 14:40:55,208:ERROR:An unexpected error occurred for repo xs: Unsupported platform for repository URL: repo xs
2024-03-22 14:40:55,208:ERROR:An unexpected error occurred for repo xs: Unsupported platform for repository URL: repo xs
2024-03-22 14:40:55,208:ERROR:An unexpected error occurred for repo xs: Unsupported platform for repository URL: repo xs
2024-03-22 14:40:55,208:ERROR:An unexpected error occurred for repo xs: Unsupported platform for repository URL: repo xs
2024-03-22 14:40:55,209:ERROR:An unexpected error occurred for repo xs: Unsupported platform for repository URL: repo xs
2024-03-22 14:40:55,209:ERROR:An unexpected error occurred for repo xs: Unsupported platform for repository URL: repo xs
2024-03-22 14:40:55,209:ERROR:An unexpected error occurred for repo xs: Unsupported platform for repository URL: repo xs
2024-03-22 14:40:55,209:ERROR:An unexpected error occurred for repo s: Unsupported platform for repository URL: repo s
2024-03-22 14:40:55,209:ERROR:An unexpected error occurred for repo s: Unsupported platform for repository URL: repo s
2024-03-22 14:40:55,209:ERROR:An unexpected error occurred for repo s: Unsupported platform for repository URL: repo s
2024-03-22 14:40:55,209:ERROR:An unexpected error occurred for repo s: Unsupported platform for repository URL: repo s
2024-03-22 14:40:55,209:ERROR:An unexpected error occurred for repo s: Unsupported platform for repository URL: repo s
2024-03-22 14:40:55,209:ERROR:An unexpected error occurred for repo s: Unsupported platform for repository URL: repo s
2024-03-22 14:40:55,209:ERROR:An unexpected error occurred for repo s: Unsupported platform for repository URL: repo s
2024-03-22 14:40:55,209:ERROR:An unexpected error occurred for repo s: Unsupported platform for repository URL: repo s
2024-03-22 14:40:55,209:ERROR:An unexpected error occurred for repo s: Unsupported platform for repository URL: repo s
2024-03-22 14:40:55,209:ERROR:An unexpected error occurred for repo s: Unsupported platform for repository URL: repo s
2024-03-22 14:40:55,209:ERROR:An unexpected error occurred for repo s: Unsupported platform for repository URL: repo s
2024-03-22 14:40:55,209:ERROR:An unexpected error occurred for repo s: Unsupported platform for repository URL: repo s
2024-03-22 14:40:55,209:ERROR:An unexpected error occurred for repo m: Unsupported platform for repository URL: repo m
2024-03-22 14:40:55,209:ERROR:An unexpected error occurred for repo m: Unsupported platform for repository URL: repo m
2024-03-22 14:40:55,209:ERROR:An unexpected error occurred for repo m: Unsupported platform for repository URL: repo m
2024-03-22 14:40:55,209:ERROR:An unexpected error occurred for repo m: Unsupported platform for repository URL: repo m
2024-03-22 14:40:55,209:ERROR:An unexpected error occurred for repo m: Unsupported platform for repository URL: repo m
2024-03-22 14:40:55,209:ERROR:An unexpected error occurred for repo m: Unsupported platform for repository URL: repo m
2024-03-22 14:40:55,209:ERROR:An unexpected error occurred for repo m: Unsupported platform for repository URL: repo m
2024-03-22 14:40:55,209:ERROR:An unexpected error occurred for repo m: Unsupported platform for repository URL: repo m
2024-03-22 14:40:55,209:ERROR:An unexpected error occurred for repo m: Unsupported platform for repository URL: repo m
2024-03-22 14:40:55,209:ERROR:An unexpected error occurred for repo m: Unsupported platform for repository URL: repo m
2024-03-22 14:40:55,209:ERROR:An unexpected error occurred for repo m: Unsupported platform for repository URL: repo m
2024-03-22 14:40:55,209:ERROR:An unexpected error occurred for repo m: Unsupported platform for repository URL: repo m
2024-03-22 14:40:55,209:ERROR:An unexpected error occurred for repo l: Unsupported platform for repository URL: repo l
2024-03-22 14:40:55,209:ERROR:An unexpected error occurred for repo l: Unsupported platform for repository URL: repo l
2024-03-22 14:40:55,209:ERROR:An unexpected error occurred for repo l: Unsupported platform for repository URL: repo l
2024-03-22 14:40:55,209:ERROR:An unexpected error occurred for repo l: Unsupported platform for repository URL: repo l
2024-03-22 14:40:55,209:ERROR:An unexpected error occurred for repo l: Unsupported platform for repository URL: repo l
2024-03-22 14:40:55,209:ERROR:An unexpected error occurred for repo l: Unsupported platform for repository URL: repo l
2024-03-22 14:40:55,209:ERROR:An unexpected error occurred for repo xl: Unsupported platform for repository URL: repo xl
2024-03-22 14:40:55,209:ERROR:An unexpected error occurred for repo xl: Unsupported platform for repository URL: repo xl
2024-03-22 14:40:55,209:ERROR:An unexpected error occurred for repo xl: Unsupported platform for repository URL: repo xl
2024-03-22 14:40:55,209:ERROR:An unexpected error occurred for repo xxl: Unsupported platform for repository URL: repo xxl
2024-03-22 14:40:55,209:ERROR:An unexpected error occurred for repo xxl: Unsupported platform for repository URL: repo xxl
2024-03-22 14:42:58,505:ERROR:An unexpected error occurred for repo xs: Unsupported platform for repository URL: repo xs
2024-03-22 14:42:58,505:ERROR:An unexpected error occurred for repo xs: Unsupported platform for repository URL: repo xs
2024-03-22 14:42:58,505:ERROR:An unexpected error occurred for repo xs: Unsupported platform for repository URL: repo xs
2024-03-22 14:42:58,505:ERROR:An unexpected error occurred for repo xs: Unsupported platform for repository URL: repo xs
2024-03-22 14:42:58,505:ERROR:An unexpected error occurred for repo xs: Unsupported platform for repository URL: repo xs
2024-03-22 14:42:58,505:ERROR:An unexpected error occurred for repo xs: Unsupported platform for repository URL: repo xs
2024-03-22 14:42:58,505:ERROR:An unexpected error occurred for repo xs: Unsupported platform for repository URL: repo xs
2024-03-22 14:42:58,505:ERROR:An unexpected error occurred for repo xs: Unsupported platform for repository URL: repo xs
2024-03-22 14:42:58,505:ERROR:An unexpected error occurred for repo xs: Unsupported platform for repository URL: repo xs
2024-03-22 14:42:58,505:ERROR:An unexpected error occurred for repo xs: Unsupported platform for repository URL: repo xs
2024-03-22 14:42:58,505:ERROR:An unexpected error occurred for repo xs: Unsupported platform for repository URL: repo xs
2024-03-22 14:42:58,505:ERROR:An unexpected error occurred for repo xs: Unsupported platform for repository URL: repo xs
2024-03-22 14:42:58,505:ERROR:An unexpected error occurred for repo xs: Unsupported platform for repository URL: repo xs
2024-03-22 14:42:58,505:ERROR:An unexpected error occurred for repo xs: Unsupported platform for repository URL: repo xs
2024-03-22 14:42:58,505:ERROR:An unexpected error occurred for repo s: Unsupported platform for repository URL: repo s
2024-03-22 14:42:58,505:ERROR:An unexpected error occurred for repo s: Unsupported platform for repository URL: repo s
2024-03-22 14:42:58,505:ERROR:An unexpected error occurred for repo s: Unsupported platform for repository URL: repo s
2024-03-22 14:42:58,505:ERROR:An unexpected error occurred for repo s: Unsupported platform for repository URL: repo s
2024-03-22 14:42:58,505:ERROR:An unexpected error occurred for repo s: Unsupported platform for repository URL: repo s
2024-03-22 14:42:58,505:ERROR:An unexpected error occurred for repo s: Unsupported platform for repository URL: repo s
2024-03-22 14:42:58,505:ERROR:An unexpected error occurred for repo s: Unsupported platform for repository URL: repo s
2024-03-22 14:42:58,505:ERROR:An unexpected error occurred for repo s: Unsupported platform for repository URL: repo s
2024-03-22 14:42:58,505:ERROR:An unexpected error occurred for repo s: Unsupported platform for repository URL: repo s
2024-03-22 14:42:58,505:ERROR:An unexpected error occurred for repo s: Unsupported platform for repository URL: repo s
2024-03-22 14:42:58,505:ERROR:An unexpected error occurred for repo s: Unsupported platform for repository URL: repo s
2024-03-22 14:42:58,505:ERROR:An unexpected error occurred for repo s: Unsupported platform for repository URL: repo s
2024-03-22 14:42:58,505:ERROR:An unexpected error occurred for repo m: Unsupported platform for repository URL: repo m
2024-03-22 14:42:58,505:ERROR:An unexpected error occurred for repo m: Unsupported platform for repository URL: repo m
2024-03-22 14:42:58,505:ERROR:An unexpected error occurred for repo m: Unsupported platform for repository URL: repo m
2024-03-22 14:42:58,505:ERROR:An unexpected error occurred for repo m: Unsupported platform for repository URL: repo m
2024-03-22 14:42:58,505:ERROR:An unexpected error occurred for repo m: Unsupported platform for repository URL: repo m
2024-03-22 14:42:58,505:ERROR:An unexpected error occurred for repo m: Unsupported platform for repository URL: repo m
2024-03-22 14:42:58,505:ERROR:An unexpected error occurred for repo m: Unsupported platform for repository URL: repo m
2024-03-22 14:42:58,505:ERROR:An unexpected error occurred for repo m: Unsupported platform for repository URL: repo m
2024-03-22 14:42:58,505:ERROR:An unexpected error occurred for repo m: Unsupported platform for repository URL: repo m
2024-03-22 14:42:58,505:ERROR:An unexpected error occurred for repo m: Unsupported platform for repository URL: repo m
2024-03-22 14:42:58,505:ERROR:An unexpected error occurred for repo m: Unsupported platform for repository URL: repo m
2024-03-22 14:42:58,505:ERROR:An unexpected error occurred for repo m: Unsupported platform for repository URL: repo m
2024-03-22 14:42:58,506:ERROR:An unexpected error occurred for repo l: Unsupported platform for repository URL: repo l
2024-03-22 14:42:58,506:ERROR:An unexpected error occurred for repo l: Unsupported platform for repository URL: repo l
2024-03-22 14:42:58,506:ERROR:An unexpected error occurred for repo l: Unsupported platform for repository URL: repo l
2024-03-22 14:42:58,506:ERROR:An unexpected error occurred for repo l: Unsupported platform for repository URL: repo l
2024-03-22 14:42:58,506:ERROR:An unexpected error occurred for repo l: Unsupported platform for repository URL: repo l
2024-03-22 14:42:58,506:ERROR:An unexpected error occurred for repo l: Unsupported platform for repository URL: repo l
2024-03-22 14:42:58,506:ERROR:An unexpected error occurred for repo xl: Unsupported platform for repository URL: repo xl
2024-03-22 14:42:58,506:ERROR:An unexpected error occurred for repo xl: Unsupported platform for repository URL: repo xl
2024-03-22 14:42:58,506:ERROR:An unexpected error occurred for repo xl: Unsupported platform for repository URL: repo xl
2024-03-22 14:42:58,506:ERROR:An unexpected error occurred for repo xxl: Unsupported platform for repository URL: repo xxl
2024-03-22 14:42:58,506:ERROR:An unexpected error occurred for repo xxl: Unsupported platform for repository URL: repo xxl
2024-03-22 14:47:37,186:ERROR:An unexpected error occurred for repo xs: Unsupported platform for repository URL: repo xs
2024-03-22 14:47:37,187:ERROR:An unexpected error occurred for repo s: Unsupported platform for repository URL: repo s
2024-03-22 14:47:37,187:ERROR:An unexpected error occurred for repo xs: Unsupported platform for repository URL: repo xs
2024-03-22 14:47:37,187:ERROR:An unexpected error occurred for repo m: Unsupported platform for repository URL: repo m
2024-03-22 14:47:37,187:ERROR:An unexpected error occurred for repo m: Unsupported platform for repository URL: repo m
2024-03-22 14:47:37,187:ERROR:An unexpected error occurred for repo l: Unsupported platform for repository URL: repo l
2024-03-22 14:47:37,187:ERROR:An unexpected error occurred for repo s: Unsupported platform for repository URL: repo s
2024-03-22 14:47:37,187:ERROR:An unexpected error occurred for repo xs: Unsupported platform for repository URL: repo xs
2024-03-22 14:47:37,187:ERROR:An unexpected error occurred for repo xs: Unsupported platform for repository URL: repo xs
2024-03-22 14:47:37,187:ERROR:An unexpected error occurred for repo xl: Unsupported platform for repository URL: repo xl
2024-03-22 14:47:37,187:ERROR:An unexpected error occurred for repo m: Unsupported platform for repository URL: repo m
2024-03-22 14:47:37,187:ERROR:An unexpected error occurred for repo l: Unsupported platform for repository URL: repo l
2024-03-22 14:47:37,187:ERROR:An unexpected error occurred for repo l: Unsupported platform for repository URL: repo l
2024-03-22 14:47:37,187:ERROR:An unexpected error occurred for repo s: Unsupported platform for repository URL: repo s
2024-03-22 14:47:37,187:ERROR:An unexpected error occurred for repo xs: Unsupported platform for repository URL: repo xs
2024-03-22 14:47:37,187:ERROR:An unexpected error occurred for repo s: Unsupported platform for repository URL: repo s
2024-03-22 14:47:37,188:ERROR:An unexpected error occurred for repo s: Unsupported platform for repository URL: repo s
2024-03-22 14:47:37,188:ERROR:An unexpected error occurred for repo s: Unsupported platform for repository URL: repo s
2024-03-22 14:47:37,188:ERROR:An unexpected error occurred for repo xs: Unsupported platform for repository URL: repo xs
2024-03-22 14:47:37,188:ERROR:An unexpected error occurred for repo xs: Unsupported platform for repository URL: repo xs
2024-03-22 14:47:37,188:ERROR:An unexpected error occurred for repo xs: Unsupported platform for repository URL: repo xs
2024-03-22 14:47:37,188:ERROR:An unexpected error occurred for repo s: Unsupported platform for repository URL: repo s
2024-03-22 14:47:37,188:ERROR:An unexpected error occurred for repo m: Unsupported platform for repository URL: repo m
2024-03-22 14:47:37,188:ERROR:An unexpected error occurred for repo m: Unsupported platform for repository URL: repo m
2024-03-22 14:47:37,188:ERROR:An unexpected error occurred for repo m: Unsupported platform for repository URL: repo m
2024-03-22 14:47:37,188:ERROR:An unexpected error occurred for repo s: Unsupported platform for repository URL: repo s
2024-03-22 14:47:37,188:ERROR:An unexpected error occurred for repo xs: Unsupported platform for repository URL: repo xs
2024-03-22 14:47:37,188:ERROR:An unexpected error occurred for repo m: Unsupported platform for repository URL: repo m
2024-03-22 14:47:37,188:ERROR:An unexpected error occurred for repo s: Unsupported platform for repository URL: repo s
2024-03-22 14:47:37,188:ERROR:An unexpected error occurred for repo m: Unsupported platform for repository URL: repo m
2024-03-22 14:47:37,188:ERROR:An unexpected error occurred for repo xl: Unsupported platform for repository URL: repo xl
2024-03-22 14:47:37,188:ERROR:An unexpected error occurred for repo xxl: Unsupported platform for repository URL: repo xxl
2024-03-22 14:47:37,188:ERROR:An unexpected error occurred for repo xl: Unsupported platform for repository URL: repo xl
2024-03-22 14:47:37,188:ERROR:An unexpected error occurred for repo l: Unsupported platform for repository URL: repo l
2024-03-22 14:47:37,188:ERROR:An unexpected error occurred for repo xs: Unsupported platform for repository URL: repo xs
2024-03-22 14:47:37,188:ERROR:An unexpected error occurred for repo s: Unsupported platform for repository URL: repo s
2024-03-22 14:47:37,188:ERROR:An unexpected error occurred for repo xs: Unsupported platform for repository URL: repo xs
2024-03-22 14:47:37,188:ERROR:An unexpected error occurred for repo m: Unsupported platform for repository URL: repo m
2024-03-22 14:47:37,188:ERROR:An unexpected error occurred for repo s: Unsupported platform for repository URL: repo s
2024-03-22 14:47:37,188:ERROR:An unexpected error occurred for repo l: Unsupported platform for repository URL: repo l
2024-03-22 14:47:37,188:ERROR:An unexpected error occurred for repo xs: Unsupported platform for repository URL: repo xs
2024-03-22 14:47:37,188:ERROR:An unexpected error occurred for repo l: Unsupported platform for repository URL: repo l
2024-03-22 14:47:37,188:ERROR:An unexpected error occurred for repo xs: Unsupported platform for repository URL: repo xs
2024-03-22 14:47:37,188:ERROR:An unexpected error occurred for repo m: Unsupported platform for repository URL: repo m
2024-03-22 14:47:37,188:ERROR:An unexpected error occurred for repo xxl: Unsupported platform for repository URL: repo xxl
2024-03-22 14:47:37,188:ERROR:An unexpected error occurred for repo m: Unsupported platform for repository URL: repo m
2024-03-22 14:47:37,188:ERROR:An unexpected error occurred for repo xs: Unsupported platform for repository URL: repo xs
2024-03-22 14:47:37,188:ERROR:An unexpected error occurred for repo m: Unsupported platform for repository URL: repo m
2024-03-22 14:47:37,188:ERROR:An unexpected error occurred for repo s: Unsupported platform for repository URL: repo s
